[ 2025-08-09 11:34:03,712 ] 1025 httpx - INFO - HTTP Request: GET https://dagshub.com/api/v1/user "HTTP/1.1 200 OK"
[ 2025-08-09 11:34:03,715 ] 107 dagshub - INFO - Accessing as saketwatkar
[ 2025-08-09 11:34:04,334 ] 1025 httpx - INFO - HTTP Request: GET https://dagshub.com/api/v1/repos/saketwatkar/NetworkSecurity "HTTP/1.1 200 OK"
[ 2025-08-09 11:34:05,553 ] 1025 httpx - INFO - HTTP Request: GET https://dagshub.com/api/v1/user "HTTP/1.1 200 OK"
[ 2025-08-09 11:34:05,554 ] 107 dagshub - INFO - Initialized MLflow to track repo "saketwatkar/NetworkSecurity"
[ 2025-08-09 11:34:05,555 ] 107 dagshub - INFO - Repository saketwatkar/NetworkSecurity initialized!
[ 2025-08-09 11:34:22,546 ] 42 root - INFO - Start data Ingestion
[ 2025-08-09 11:34:26,211 ] 65 root - INFO - Performed train test split on the dataframe
[ 2025-08-09 11:34:26,211 ] 67 root - INFO - Exited split_data_as_train_test method of Data_Ingestion class
[ 2025-08-09 11:34:26,211 ] 75 root - INFO - Exporting train and test file path.
[ 2025-08-09 11:34:26,246 ] 84 root - INFO - Exported train and test file path.
[ 2025-08-09 11:34:26,247 ] 45 root - INFO - Data Ingestion completed and artifact: DataIngestionArtifact(trained_file_path='Artifacts/08_09_2025_11_34_01/data_ingestion/ingested/train.csv', test_file_path='Artifacts/08_09_2025_11_34_01/data_ingestion/ingested/test.csv')
[ 2025-08-09 11:34:26,251 ] 55 root - INFO - Initiate the data Validation
[ 2025-08-09 11:34:26,262 ] 32 root - INFO - Required number of columns:2
[ 2025-08-09 11:34:26,263 ] 33 root - INFO - Data frame has columns:31
[ 2025-08-09 11:34:26,263 ] 32 root - INFO - Required number of columns:2
[ 2025-08-09 11:34:26,263 ] 33 root - INFO - Data frame has columns:31
[ 2025-08-09 11:34:26,351 ] 63 root - INFO - Entered initiate_data_transformation method of DataTransformation class
[ 2025-08-09 11:34:26,351 ] 65 root - INFO - Starting data transformation
[ 2025-08-09 11:34:26,361 ] 48 root - INFO - Entered get_data_trnasformer_object method of Trnasformation class
[ 2025-08-09 11:34:26,361 ] 53 root - INFO - Initialise KNNImputer with {'missing_values': nan, 'n_neighbors': 3, 'weights': 'uniform'}
[ 2025-08-09 11:34:26,365 ] 46 root - INFO - Entered the save_object method of MainUtils class
[ 2025-08-09 11:34:26,368 ] 50 root - INFO - Exited the save_object method of MainUtils class
[ 2025-08-09 11:34:26,368 ] 46 root - INFO - Entered the save_object method of MainUtils class
[ 2025-08-09 11:34:26,372 ] 50 root - INFO - Exited the save_object method of MainUtils class
