[ 2025-08-07 11:46:48,322 ] 1025 httpx - INFO - HTTP Request: GET https://dagshub.com/api/v1/user "HTTP/1.1 200 OK"
[ 2025-08-07 11:46:48,331 ] 107 dagshub - INFO - Accessing as saketwatkar
[ 2025-08-07 11:46:48,851 ] 1025 httpx - INFO - HTTP Request: GET https://dagshub.com/api/v1/repos/saketwatkar/NetworkSecurity "HTTP/1.1 200 OK"
[ 2025-08-07 11:46:49,451 ] 1025 httpx - INFO - HTTP Request: GET https://dagshub.com/api/v1/user "HTTP/1.1 200 OK"
[ 2025-08-07 11:46:49,455 ] 107 dagshub - INFO - Initialized MLflow to track repo "saketwatkar/NetworkSecurity"
[ 2025-08-07 11:46:49,456 ] 107 dagshub - INFO - Repository saketwatkar/NetworkSecurity initialized!
[ 2025-08-07 11:46:49,456 ] 20 root - INFO - Initiate the data ingestion
[ 2025-08-07 11:46:52,163 ] 65 root - INFO - Performed train test split on the dataframe
[ 2025-08-07 11:46:52,163 ] 67 root - INFO - Exited split_data_as_train_test method of Data_Ingestion class
[ 2025-08-07 11:46:52,163 ] 75 root - INFO - Exporting train and test file path.
[ 2025-08-07 11:46:52,198 ] 84 root - INFO - Exported train and test file path.
[ 2025-08-07 11:46:52,198 ] 22 root - INFO - Data Initiation Completed
[ 2025-08-07 11:46:52,202 ] 26 root - INFO - Initiate the data Validation
[ 2025-08-07 11:46:52,213 ] 32 root - INFO - Required number of columns:2
[ 2025-08-07 11:46:52,213 ] 33 root - INFO - Data frame has columns:31
[ 2025-08-07 11:46:52,213 ] 32 root - INFO - Required number of columns:2
[ 2025-08-07 11:46:52,213 ] 33 root - INFO - Data frame has columns:31
[ 2025-08-07 11:46:52,304 ] 28 root - INFO - data Validation Completed
[ 2025-08-07 11:46:52,304 ] 31 root - INFO - data Transformation started
[ 2025-08-07 11:46:52,304 ] 63 root - INFO - Entered initiate_data_transformation method of DataTransformation class
[ 2025-08-07 11:46:52,304 ] 65 root - INFO - Starting data transformation
[ 2025-08-07 11:46:52,313 ] 48 root - INFO - Entered get_data_trnasformer_object method of Trnasformation class
[ 2025-08-07 11:46:52,313 ] 53 root - INFO - Initialise KNNImputer with {'missing_values': nan, 'n_neighbors': 3, 'weights': 'uniform'}
[ 2025-08-07 11:46:52,317 ] 46 root - INFO - Entered the save_object method of MainUtils class
[ 2025-08-07 11:46:52,318 ] 50 root - INFO - Exited the save_object method of MainUtils class
[ 2025-08-07 11:46:52,319 ] 46 root - INFO - Entered the save_object method of MainUtils class
[ 2025-08-07 11:46:52,320 ] 50 root - INFO - Exited the save_object method of MainUtils class
[ 2025-08-07 11:46:52,320 ] 35 root - INFO - data Transformation completed
[ 2025-08-07 11:46:52,320 ] 37 root - INFO - Model Training sstared
