[ 2025-08-07 12:10:24,231 ] 1025 httpx - INFO - HTTP Request: GET https://dagshub.com/api/v1/user "HTTP/1.1 200 OK"
[ 2025-08-07 12:10:24,239 ] 107 dagshub - INFO - Accessing as saketwatkar
[ 2025-08-07 12:10:24,741 ] 1025 httpx - INFO - HTTP Request: GET https://dagshub.com/api/v1/repos/saketwatkar/NetworkSecurity "HTTP/1.1 200 OK"
[ 2025-08-07 12:10:25,266 ] 1025 httpx - INFO - HTTP Request: GET https://dagshub.com/api/v1/user "HTTP/1.1 200 OK"
[ 2025-08-07 12:10:25,269 ] 107 dagshub - INFO - Initialized MLflow to track repo "saketwatkar/NetworkSecurity"
[ 2025-08-07 12:10:25,270 ] 107 dagshub - INFO - Repository saketwatkar/NetworkSecurity initialized!
[ 2025-08-07 12:10:29,035 ] 20 root - INFO - Initiate the data ingestion
[ 2025-08-07 12:10:31,925 ] 65 root - INFO - Performed train test split on the dataframe
[ 2025-08-07 12:10:31,925 ] 67 root - INFO - Exited split_data_as_train_test method of Data_Ingestion class
[ 2025-08-07 12:10:31,925 ] 75 root - INFO - Exporting train and test file path.
[ 2025-08-07 12:10:31,959 ] 84 root - INFO - Exported train and test file path.
[ 2025-08-07 12:10:31,959 ] 22 root - INFO - Data Initiation Completed
[ 2025-08-07 12:10:31,963 ] 26 root - INFO - Initiate the data Validation
[ 2025-08-07 12:10:31,974 ] 32 root - INFO - Required number of columns:2
[ 2025-08-07 12:10:31,975 ] 33 root - INFO - Data frame has columns:31
[ 2025-08-07 12:10:31,975 ] 32 root - INFO - Required number of columns:2
[ 2025-08-07 12:10:31,975 ] 33 root - INFO - Data frame has columns:31
[ 2025-08-07 12:10:32,069 ] 28 root - INFO - data Validation Completed
[ 2025-08-07 12:10:32,070 ] 31 root - INFO - data Transformation started
[ 2025-08-07 12:10:32,070 ] 63 root - INFO - Entered initiate_data_transformation method of DataTransformation class
[ 2025-08-07 12:10:32,070 ] 65 root - INFO - Starting data transformation
[ 2025-08-07 12:10:32,079 ] 48 root - INFO - Entered get_data_trnasformer_object method of Trnasformation class
[ 2025-08-07 12:10:32,079 ] 53 root - INFO - Initialise KNNImputer with {'missing_values': nan, 'n_neighbors': 3, 'weights': 'uniform'}
[ 2025-08-07 12:10:32,084 ] 46 root - INFO - Entered the save_object method of MainUtils class
[ 2025-08-07 12:10:32,085 ] 50 root - INFO - Exited the save_object method of MainUtils class
[ 2025-08-07 12:10:32,085 ] 46 root - INFO - Entered the save_object method of MainUtils class
[ 2025-08-07 12:10:32,090 ] 50 root - INFO - Exited the save_object method of MainUtils class
[ 2025-08-07 12:10:32,091 ] 35 root - INFO - data Transformation completed
[ 2025-08-07 12:10:32,091 ] 37 root - INFO - Model Training sstared
